<?xml version="1.0" encoding="UTF-8"?>
<!-- Generated by org.testng.reporters.JUnitReportReporter -->
<testsuite hostname="Maddy.local" failures="0" tests="1" name="Appium.appium.App" time="75.082" errors="0" timestamp="16 Feb 2018 04:57:12 GMT" skipped="0">
  <testcase classname="Appium.appium.App" name="start" time="75.082"/>
</testsuite> <!-- Appium.appium.App -->
